  GameSoloState.cpp
C:\Users\Keltor\Desktop\19PRI_PROJECT_X\GameSoloState.cpp(213,22): warning C4018: <: несоответствие типов со знаком и без знака
C:\Users\Keltor\Desktop\19PRI_PROJECT_X\GameSoloState.cpp(218,21): warning C4018: <: несоответствие типов со знаком и без знака
C:\Users\Keltor\Desktop\19PRI_PROJECT_X\GameSoloState.cpp(278,22): warning C4018: <: несоответствие типов со знаком и без знака
C:\Users\Keltor\Desktop\19PRI_PROJECT_X\GameSoloState.cpp(296,20): warning C4018: <: несоответствие типов со знаком и без знака
C:\Users\Keltor\Desktop\19PRI_PROJECT_X\GameSoloState.cpp(301,26): warning C4018: <: несоответствие типов со знаком и без знака
C:\Users\Keltor\Desktop\19PRI_PROJECT_X\GameSoloState.cpp(356,20): warning C4018: <: несоответствие типов со знаком и без знака
C:\Users\Keltor\Desktop\19PRI_PROJECT_X\GameSoloState.cpp(361,20): warning C4018: <: несоответствие типов со знаком и без знака
C:\Users\Keltor\Desktop\19PRI_PROJECT_X\GameSoloState.cpp(366,20): warning C4018: <: несоответствие типов со знаком и без знака
C:\Users\Keltor\Desktop\19PRI_PROJECT_X\GameSoloState.cpp(622,22): warning C4018: <: несоответствие типов со знаком и без знака
C:\Users\Keltor\Desktop\19PRI_PROJECT_X\GameSoloState.cpp(809,22): warning C4018: <: несоответствие типов со знаком и без знака
C:\Users\Keltor\Desktop\19PRI_PROJECT_X\GameSoloState.cpp(814,28): warning C4018: <: несоответствие типов со знаком и без знака
C:\Users\Keltor\Desktop\19PRI_PROJECT_X\GameSoloState.cpp(839,23): warning C4018: <: несоответствие типов со знаком и без знака
C:\Users\Keltor\Desktop\19PRI_PROJECT_X\GameSoloState.cpp(844,29): warning C4018: <: несоответствие типов со знаком и без знака
C:\Users\Keltor\Desktop\19PRI_PROJECT_X\GameSoloState.cpp(859,24): warning C4018: <: несоответствие типов со знаком и без знака
C:\Users\Keltor\Desktop\19PRI_PROJECT_X\GameSoloState.cpp(864,30): warning C4018: <: несоответствие типов со знаком и без знака
C:\Users\Keltor\Desktop\19PRI_PROJECT_X\GameSoloState.cpp(932,21): warning C4018: <: несоответствие типов со знаком и без знака
C:\Users\Keltor\Desktop\19PRI_PROJECT_X\GameSoloState.cpp(978,23): warning C4018: <: несоответствие типов со знаком и без знака
C:\Users\Keltor\Desktop\19PRI_PROJECT_X\GameSoloState.cpp(1059,20): warning C4018: <: несоответствие типов со знаком и без знака
C:\Users\Keltor\Desktop\19PRI_PROJECT_X\GameSoloState.cpp(1089,20): warning C4018: <: несоответствие типов со знаком и без знака
C:\Users\Keltor\Desktop\19PRI_PROJECT_X\GameSoloState.cpp(1158,16): warning C4244: инициализация: преобразование "_Rep" в "unsigned int", возможна потеря данных
          with
          [
              _Rep=std::chrono::system_clock::rep
          ]
  MainMenuState.cpp
  PROJECT_XAKATON.vcxproj -> C:\Users\Keltor\source\repos\PROJECT_XAKATON\Debug\PROJECT_XAKATON.exe

Итоги по проекту:
     2310 мс вызовов   1 C:\Users\Keltor\source\repos\PROJECT_XAKATON\PROJECT_XAKATON\PROJECT_XAKATON.vcxproj
               2310 мс вызовов   1 Build                                   

Итоги по целям:
        0 мс вызовов   1 MakeDirsForResourceCompile              
        0 мс вызовов   1 ComputeLinkImportLibraryOutputsForClean 
        0 мс вызовов   1 ComputeLinkSwitches                     
        0 мс вызовов   1 PreLinkEvent                            
        0 мс вызовов   1 DoLinkOutputFilesMatch                  
        0 мс вызовов   1 PrepareResourceNames                    
        0 мс вызовов   1 CreateCustomManifestResourceNames       
        0 мс вызовов   1 SplitResourcesByCulture                 
        0 мс вызовов   1 ComputeManifestInputsTargets            
        0 мс вызовов   1 ComputeLinkInputsFromProject            
        0 мс вызовов   1 ComputeCLGeneratedLinkInputs            
        0 мс вызовов   1 ComputeCLOutputs                        
        0 мс вызовов   1 ComputeManifestGeneratedLinkerInputs    
        0 мс вызовов   1 ComputeRCOutputs                        
        0 мс вызовов   1 BeforeLink                              
        0 мс вызовов   1 ComputeLegacyManifestEmbedding          
        0 мс вызовов   1 BuildLinkTraverse                       
        0 мс вызовов   1 BuildCompile                            
        0 мс вызовов   1 _BuildCompileAction                     
        0 мс вызовов   1 AfterBuildCompileEvent                  
        0 мс вызовов   1 _ResourceCompile                        
        0 мс вызовов   1 AfterResourceCompile                    
        0 мс вызовов   1 AfterLink                               
        0 мс вызовов   1 BeforeResourceCompile                   
        0 мс вызовов   1 _Link                                   
        0 мс вызовов   1 _Manifest                               
        0 мс вызовов   1 AfterBuild                              
        0 мс вызовов   1 BuildLink                               
        0 мс вызовов   1 _BuildLinkAction                        
        0 мс вызовов   1 PostBuildEvent                          
        0 мс вызовов   1 PrepareForRun                           
        0 мс вызовов   1 CopyFilesToOutputDirectory              
        0 мс вызовов   1 _CheckForCompileOutputs                 
        0 мс вызовов   1 _CopySourceItemsToOutputDirectory       
        0 мс вызовов   1 GetCopyToOutputDirectoryItems           
        0 мс вызовов   1 GetCopyToOutputDirectoryXamlAppDefs     
        0 мс вызовов   1 _Deploy                                 
        0 мс вызовов   1 _Appverifier                            
        0 мс вызовов   1 CreateSatelliteAssemblies               
        0 мс вызовов   1 _GenerateSatelliteAssemblyInputs        
        0 мс вызовов   1 _BscMake                                
        0 мс вызовов   1 MakeDirsForBscMake                      
        0 мс вызовов   1 ComputeCLCompileGeneratedSbrFiles       
        0 мс вызовов   1 _XdcMake                                
        0 мс вызовов   1 MakeDirsForXdcMake                      
        0 мс вызовов   1 ResolvedXDCMake                         
        0 мс вызовов   1 RegisterOutput                          
        0 мс вызовов   1 _ALink                                  
        0 мс вызовов   1 _ClCompile                              
        0 мс вызовов   1 Build                                   
        0 мс вызовов   1 _SelectedFiles                          
        0 мс вызовов   1 _PrepareForBuild                        
        0 мс вызовов   1 AfterClCompile                          
        0 мс вызовов   1 PreBuildEvent                           
        0 мс вызовов   1 BeforeBuildGenerateSources              
        0 мс вызовов   1 BuildGenerateSourcesTraverse            
        0 мс вызовов   1 ResolveReferences                       
        0 мс вызовов   1 AfterResolveReferences                  
        0 мс вызовов   1 ExpandSDKReferences                     
        0 мс вызовов   1 ComputeCustomBuildOutput                
        0 мс вызовов   1 ResolveSDKReferences                    
        0 мс вызовов   1 SetCABuildNativeEnvironmentVariables    
        0 мс вызовов   1 _CheckWindowsSDKInstalled               
        0 мс вызовов   1 GetResolvedWinMD                        
        0 мс вызовов   1 GetReferenceAssemblyPaths               
        0 мс вызовов   1 GetFrameworkPaths                       
        0 мс вызовов   1 PrepareProjectReferences                
        0 мс вызовов   1 _GetProjectReferenceTargetFrameworkProperties
        0 мс вызовов   1 _SplitProjectReferencesByFileExistence  
        0 мс вызовов   1 _PrepareForReferenceResolution          
        0 мс вызовов   1 CopyFileToFolders                       
        0 мс вызовов   1 SelectCustomBuild                       
        0 мс вызовов   1 _BuildGenerateSourcesAction             
        0 мс вызовов   1 SelectClCompile                         
        0 мс вызовов   1 MakeDirsForCl                           
        0 мс вызовов   1 ComputeReferenceCLInput                 
        0 мс вызовов   1 BeforeClCompile                         
        0 мс вызовов   1 BuildCompileTraverse                    
        0 мс вызовов   1 BuildGenerateSources                    
        0 мс вызовов   1 _Xsd                                    
        0 мс вызовов   1 AfterBuildGenerateSourcesEvent          
        0 мс вызовов   1 BeforeResolveReferences                 
        0 мс вызовов   1 AfterBuildGenerateSources               
        0 мс вызовов   1 MakeDirsForMidl                         
        0 мс вызовов   1 _Midl                                   
        0 мс вызовов   1 AfterMidl                               
        0 мс вызовов   1 ComputeMIDLGeneratedCompileInputs       
        1 мс вызовов   1 ComputeCLInputPDBName                   
        1 мс вызовов   1 ComputeRCGeneratedLinkInputs            
        1 мс вызовов   1 FinalizeBuildStatus                     
        1 мс вызовов   1 SetTelemetryEnvironmentVariables        
        1 мс вызовов   1 AssignProjectConfiguration              
        1 мс вызовов   1 SetBuildDefaultEnvironmentVariables     
        1 мс вызовов   1 WarnCompileDuplicatedFilename           
        1 мс вызовов   1 AssignTargetPaths                       
        1 мс вызовов   1 ResolveAssemblyReferences               
        1 мс вызовов   1 MakeDirsForLink                         
        1 мс вызовов   1 ResolveProjectReferences                
        1 мс вызовов   1 ComputeCLCompileGeneratedXDCFiles       
        1 мс вызовов   1 InitializeBuildStatus                   
        1 мс вызовов   1 CustomBuild                             
        1 мс вызовов   1 _CheckForInvalidConfigurationAndPlatform
        1 мс вызовов   1 FixupCLCompileOptions                   
        3 мс вызовов   1 PrepareForBuild                         
      279 мс вызовов   1 Link                                    
     2008 мс вызовов   1 ClCompile                               

Итоги по задачам:
        0 мс вызовов   3 Message                                 
        0 мс вызовов   8 SetEnv                                  
        0 мс вызовов   1 MSBuild                                 
        0 мс вызовов   1 CheckVCToolsetVersion                   
        0 мс вызовов   1 ReadLinesFromFile                       
        0 мс вызовов   2 Touch                                   
        0 мс вызовов   1 AssignCulture                           
        1 мс вызовов   1 Delete                                  
        1 мс вызовов   1 AssignProjectConfiguration              
        1 мс вызовов   9 MakeDir                                 
        1 мс вызовов   6 AssignTargetPath                        
        1 мс вызовов   1 WriteLinesToFile                        
        1 мс вызовов   3 GetOutOfDateItems                       
      277 мс вызовов   1 Link                                    
     2007 мс вызовов   1 CL                                      
